[debug] [2023-10-09T15:07:23.144Z] ----------------------------------------------------------------------
[debug] [2023-10-09T15:07:23.145Z] Command:       /usr/local/bin/node /usr/local/bin/firebase init
[debug] [2023-10-09T15:07:23.145Z] CLI Version:   12.6.2
[debug] [2023-10-09T15:07:23.145Z] Platform:      darwin
[debug] [2023-10-09T15:07:23.146Z] Node Version:  v18.17.0
[debug] [2023-10-09T15:07:23.147Z] Time:          Mon Oct 09 2023 08:07:23 GMT-0700 (Pacific Daylight Time)
[debug] [2023-10-09T15:07:23.147Z] ----------------------------------------------------------------------
[debug] 
[debug] [2023-10-09T15:07:23.179Z] > command requires scopes: ["email","openid","https://www.googleapis.com/auth/cloudplatformprojects.readonly","https://www.googleapis.com/auth/firebase","https://www.googleapis.com/auth/cloud-platform"]
[debug] [2023-10-09T15:07:23.179Z] > authorizing via signed-in user (brandon.camerer@gmail.com)
[info] 
     ######## #### ########  ######## ########     ###     ######  ########
     ##        ##  ##     ## ##       ##     ##  ##   ##  ##       ##
     ######    ##  ########  ######   ########  #########  ######  ######
     ##        ##  ##    ##  ##       ##     ## ##     ##       ## ##
     ##       #### ##     ## ######## ########  ##     ##  ######  ########

You're about to initialize a Firebase project in this directory:

  /Users/brandoncamerer/Desktop/expense-tracker-firebase-react

Before we get started, keep in mind:

  * You are initializing within an existing Firebase project directory

[info] 
=== Project Setup
[info] 
[info] First, let's associate this project directory with a Firebase project.
[info] You can create multiple project aliases by running firebase use --add, 
[info] but for now we'll just set up a default project.
[info] 
[debug] [2023-10-09T15:07:28.709Z] Using project from CLI flag: expense-tracker-d14e8
[debug] [2023-10-09T15:07:28.712Z] >>> [apiv2][query] GET https://firebase.googleapis.com/v1beta1/projects/expense-tracker-d14e8 [none]
[debug] [2023-10-09T15:07:28.989Z] <<< [apiv2][status] GET https://firebase.googleapis.com/v1beta1/projects/expense-tracker-d14e8 403
[debug] [2023-10-09T15:07:28.989Z] <<< [apiv2][body] GET https://firebase.googleapis.com/v1beta1/projects/expense-tracker-d14e8 {"error":{"code":403,"message":"The caller does not have permission","status":"PERMISSION_DENIED"}}
[debug] [2023-10-09T15:07:28.990Z] HTTP Error: 403, The caller does not have permission
[debug] [2023-10-09T15:07:29.080Z] FirebaseError: HTTP Error: 403, The caller does not have permission
    at responseToError (/usr/local/lib/node_modules/firebase-tools/lib/responseToError.js:49:12)
    at RetryOperation._fn (/usr/local/lib/node_modules/firebase-tools/lib/apiv2.js:285:77)
    at process.processTicksAndRejections (node:internal/process/task_queues:95:5)
[error] 
[error] Error: Failed to get Firebase project expense-tracker-d14e8. Please make sure the project exists and your account has permission to access it.
[debug] [2023-10-09T15:11:59.890Z] ----------------------------------------------------------------------
[debug] [2023-10-09T15:11:59.891Z] Command:       /usr/local/bin/node /usr/local/bin/firebase init
[debug] [2023-10-09T15:11:59.891Z] CLI Version:   12.6.2
[debug] [2023-10-09T15:11:59.891Z] Platform:      darwin
[debug] [2023-10-09T15:11:59.891Z] Node Version:  v18.17.0
[debug] [2023-10-09T15:11:59.892Z] Time:          Mon Oct 09 2023 08:11:59 GMT-0700 (Pacific Daylight Time)
[debug] [2023-10-09T15:11:59.892Z] ----------------------------------------------------------------------
[debug] 
[debug] [2023-10-09T15:11:59.929Z] > command requires scopes: ["email","openid","https://www.googleapis.com/auth/cloudplatformprojects.readonly","https://www.googleapis.com/auth/firebase","https://www.googleapis.com/auth/cloud-platform"]
[debug] [2023-10-09T15:11:59.929Z] > authorizing via signed-in user (brandon.camerer@gmail.com)
[info] 
     ######## #### ########  ######## ########     ###     ######  ########
     ##        ##  ##     ## ##       ##     ##  ##   ##  ##       ##
     ######    ##  ########  ######   ########  #########  ######  ######
     ##        ##  ##    ##  ##       ##     ## ##     ##       ## ##
     ##       #### ##     ## ######## ########  ##     ##  ######  ########

You're about to initialize a Firebase project in this directory:

  /Users/brandoncamerer/Desktop/expense-tracker-firebase-react

Before we get started, keep in mind:

  * You are initializing within an existing Firebase project directory

[info] 
=== Project Setup
[info] 
[info] First, let's associate this project directory with a Firebase project.
[info] You can create multiple project aliases by running firebase use --add, 
[info] but for now we'll just set up a default project.
[info] 
[debug] [2023-10-09T15:12:02.749Z] Using project from CLI flag: expense-tracker-73153
[debug] [2023-10-09T15:12:02.751Z] >>> [apiv2][query] GET https://firebase.googleapis.com/v1beta1/projects/expense-tracker-73153 [none]
[debug] [2023-10-09T15:12:03.019Z] <<< [apiv2][status] GET https://firebase.googleapis.com/v1beta1/projects/expense-tracker-73153 200
[debug] [2023-10-09T15:12:03.019Z] <<< [apiv2][body] GET https://firebase.googleapis.com/v1beta1/projects/expense-tracker-73153 {"projectId":"expense-tracker-73153","projectNumber":"664518136163","displayName":"expense-tracker","name":"projects/expense-tracker-73153","resources":{"hostingSite":"expense-tracker-73153"},"state":"ACTIVE","etag":"1_d8868df2-13f9-41b3-8ff0-bf324d7e31ce"}
[info] i  Using project expense-tracker-73153 (expense-tracker) 
[info] 
=== Hosting Setup
[info] 
[info] Your public directory is the folder (relative to your project directory) that
[info] will contain Hosting assets to be uploaded with firebase deploy. If you
[info] have a build process for your assets, use your build's output directory.
[info] 
[info] ✔  Wrote public/404.html 
[debug] [2023-10-09T15:29:01.279Z] >>> [apiv2][query] GET https://www.gstatic.com/firebasejs/releases.json [none]
[debug] [2023-10-09T15:29:01.393Z] <<< [apiv2][status] GET https://www.gstatic.com/firebasejs/releases.json 200
[debug] [2023-10-09T15:29:01.393Z] <<< [apiv2][body] GET https://www.gstatic.com/firebasejs/releases.json {"current":{"version":"10.4.0","browserURL":"https://www.gstatic.com/firebasejs/10.4.0/firebase.js","packageURL":"https://www.gstatic.com/firebasejs/10.4.0/firebase.tgz"},"live":{"version":"10.4","browserURL":"https://www.gstatic.com/firebasejs/live/10.4/firebase.js","packageURL":"https://www.gstatic.com/firebasejs/live/10.4/firebase.tgz"},"components":{"analytics":"https://www.gstatic.com/firebasejs/10.4.0/firebase-analytics.js","app":"https://www.gstatic.com/firebasejs/10.4.0/firebase-app.js","app-check":"https://www.gstatic.com/firebasejs/10.4.0/firebase-app-check.js","auth":"https://www.gstatic.com/firebasejs/10.4.0/firebase-auth.js","auth/cordova":"https://www.gstatic.com/firebasejs/10.4.0/firebase-auth/cordova.js","functions":"https://www.gstatic.com/firebasejs/10.4.0/firebase-functions.js","firestore":"https://www.gstatic.com/firebasejs/10.4.0/firebase-firestore.js","firestore/lite":"https://www.gstatic.com/firebasejs/10.4.0/firebase-firestore/lite.js","installations":"https://www.gstatic.com/firebasejs/10.4.0/firebase-installations.js","storage":"https://www.gstatic.com/firebasejs/10.4.0/firebase-storage.js","performance":"https://www.gstatic.com/firebasejs/10.4.0/firebase-performance.js","remote-config":"https://www.gstatic.com/firebasejs/10.4.0/firebase-remote-config.js","messaging":"https://www.gstatic.com/firebasejs/10.4.0/firebase-messaging.js","messaging/sw":"https://www.gstatic.com/firebasejs/10.4.0/firebase-messaging/sw.js","database":"https://www.gstatic.com/firebasejs/10.4.0/firebase-database.js","firestore.memory":"https://www.gstatic.com/firebasejs/10.4.0/firebase-firestore.memory.js"}}
[info] i  Skipping write of public/index.html 
[info] 
[info] i  Detected a .git folder at /Users/brandoncamerer/Desktop/expense-tracker-firebase-react 
[info] i  Authorizing with GitHub to upload your service account to a GitHub repository's secrets store. 
[info] 
[info] Visit this URL on this device to log in:
[info] https://github.com/login/oauth/authorize?client_id=89cf50f02ac6aaed3484&state=797091314&redirect_uri=http%3A%2F%2Flocalhost%3A9005&scope=read%3Auser%20repo%20public_repo
[info] 
[info] Waiting for authentication...
[debug] [2023-10-09T15:30:07.683Z] >>> [apiv2][query] POST https://github.com/login/oauth/access_token [none]
[debug] [2023-10-09T15:30:07.684Z] >>> [apiv2][body] POST https://github.com/login/oauth/access_token [stream]
[debug] [2023-10-09T15:30:07.943Z] <<< [apiv2][status] POST https://github.com/login/oauth/access_token 200
[debug] [2023-10-09T15:30:07.944Z] <<< [apiv2][body] POST https://github.com/login/oauth/access_token {"access_token":"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","token_type":"bearer","scope":"read:user,repo"}
[debug] [2023-10-09T15:30:07.955Z] >>> [apiv2][query] GET https://api.github.com/user [none]
[debug] [2023-10-09T15:30:08.243Z] <<< [apiv2][status] GET https://api.github.com/user 200
[debug] [2023-10-09T15:30:08.244Z] <<< [apiv2][body] GET https://api.github.com/user {"login":"brandoncamerer","id":50874245,"node_id":"MDQ6VXNlcjUwODc0MjQ1","avatar_url":"https://avatars.githubusercontent.com/u/50874245?v=4","gravatar_id":"","url":"https://api.github.com/users/brandoncamerer","html_url":"https://github.com/brandoncamerer","followers_url":"https://api.github.com/users/brandoncamerer/followers","following_url":"https://api.github.com/users/brandoncamerer/following{/other_user}","gists_url":"https://api.github.com/users/brandoncamerer/gists{/gist_id}","starred_url":"https://api.github.com/users/brandoncamerer/starred{/owner}{/repo}","subscriptions_url":"https://api.github.com/users/brandoncamerer/subscriptions","organizations_url":"https://api.github.com/users/brandoncamerer/orgs","repos_url":"https://api.github.com/users/brandoncamerer/repos","events_url":"https://api.github.com/users/brandoncamerer/events{/privacy}","received_events_url":"https://api.github.com/users/brandoncamerer/received_events","type":"User","site_admin":false,"name":"Brandon Camerer","company":"CloudFit Software","blog":"https://www.brandoncamerer.com","location":"Seattle","email":null,"hireable":null,"bio":null,"twitter_username":null,"public_repos":12,"public_gists":0,"followers":3,"following":7,"created_at":"2019-05-21T13:05:58Z","updated_at":"2023-10-09T15:29:58Z","private_gists":0,"total_private_repos":5,"owned_private_repos":5,"disk_usage":477062,"collaborators":8,"two_factor_authentication":true,"plan":{"name":"free","space":976562499,"collaborators":0,"private_repos":10000}}
[info] 
[info] ✔  Success! Logged into GitHub as brandoncamerer 
[info] 
